2025-08-27 17:02:44,984 - INFO - Iniciando pipeline ETL...
2025-08-27 17:02:44,984 - INFO - 1 - Executando create_user_db
2025-08-27 17:02:46,775 - INFO - Executando create_user_db concluído em 1.79s
2025-08-27 17:02:46,775 - INFO - 2 - Executando tratamento de produtos (ET)
2025-08-27 17:02:58,414 - INFO - Executando tratamento de produtos (ET) concluído em 11.64s | Registros: 200 | Colunas: 4
2025-08-27 17:02:58,414 - INFO - 3 - Executando carga de produtos (LOAD)
2025-08-27 17:02:58,757 - INFO - Executando carga de produtos (LOAD) concluído em 0.34s
2025-08-27 17:02:58,757 - INFO - 4 - Executando tratamento de vendas (ET)
2025-08-27 17:02:59,920 - INFO - Executando tratamento de vendas (ET) concluído em 1.16s | Registros: 1000 | Colunas: 9
2025-08-27 17:02:59,920 - INFO - 5 - Executando carga de vendas (LOAD)
2025-08-27 17:03:00,143 - INFO - Executando carga de vendas (LOAD) concluído em 0.22s
2025-08-27 17:03:00,143 - INFO - 6 - Executando tratamento de empregados (ET)
2025-08-27 17:03:00,166 - INFO - Executando tratamento de empregados (ET) concluído em 0.02s | Registros: 100 | Colunas: 7
2025-08-27 17:03:00,166 - INFO - 7 - Executando carga de empregados (LOAD)
2025-08-27 17:03:00,236 - INFO - Executando carga de empregados (LOAD) concluído em 0.07s
2025-08-27 17:03:00,236 - INFO - 8 - Executando save_data_parquet
2025-08-27 17:03:01,100 - INFO - Executando save_data_parquet concluído em 0.86s
2025-08-27 17:03:01,100 - INFO - 9 - Executando save_data_pdf_report
2025-08-27 17:03:05,279 - INFO - Executando save_data_pdf_report concluído em 4.18s
2025-08-27 17:03:05,279 - INFO - Pipeline ETL finalizado com sucesso em 20.30s.
